f:\desarrollo de videojuegos\2 curso\tpv\tpv2\programacion-2\p1\sdlproject\tpv2\debug\vc142.pdb
f:\desarrollo de videojuegos\2 curso\tpv\tpv2\programacion-2\p1\sdlproject\tpv2\debug\vc142.idb
f:\desarrollo de videojuegos\2 curso\tpv\tpv2\programacion-2\p1\sdlproject\tpv2\debug\objectpool.obj
f:\desarrollo de videojuegos\2 curso\tpv\tpv2\programacion-2\p1\sdlproject\tpv2\debug\manager.obj
f:\desarrollo de videojuegos\2 curso\tpv\tpv2\programacion-2\p1\sdlproject\tpv2\debug\main.obj
f:\desarrollo de videojuegos\2 curso\tpv\tpv2\programacion-2\p1\sdlproject\tpv2\debug\jute.obj
f:\desarrollo de videojuegos\2 curso\tpv\tpv2\programacion-2\p1\sdlproject\tpv2\debug\inputhandler.obj
f:\desarrollo de videojuegos\2 curso\tpv\tpv2\programacion-2\p1\sdlproject\tpv2\debug\health.obj
f:\desarrollo de videojuegos\2 curso\tpv\tpv2\programacion-2\p1\sdlproject\tpv2\debug\gun.obj
f:\desarrollo de videojuegos\2 curso\tpv\tpv2\programacion-2\p1\sdlproject\tpv2\debug\gamelogic.obj
f:\desarrollo de videojuegos\2 curso\tpv\tpv2\programacion-2\p1\sdlproject\tpv2\debug\gamectrl.obj
f:\desarrollo de videojuegos\2 curso\tpv\tpv2\programacion-2\p1\sdlproject\tpv2\debug\fontsmanager.obj
f:\desarrollo de videojuegos\2 curso\tpv\tpv2\programacion-2\p1\sdlproject\tpv2\debug\font.obj
f:\desarrollo de videojuegos\2 curso\tpv\tpv2\programacion-2\p1\sdlproject\tpv2\debug\fighterviewer.obj
f:\desarrollo de videojuegos\2 curso\tpv\tpv2\programacion-2\p1\sdlproject\tpv2\debug\fightermotion.obj
f:\desarrollo de videojuegos\2 curso\tpv\tpv2\programacion-2\p1\sdlproject\tpv2\debug\fighterctrl.obj
f:\desarrollo de videojuegos\2 curso\tpv\tpv2\programacion-2\p1\sdlproject\tpv2\debug\entity.obj
f:\desarrollo de videojuegos\2 curso\tpv\tpv2\programacion-2\p1\sdlproject\tpv2\debug\component.obj
f:\desarrollo de videojuegos\2 curso\tpv\tpv2\programacion-2\p1\sdlproject\tpv2\debug\collisions.obj
f:\desarrollo de videojuegos\2 curso\tpv\tpv2\programacion-2\p1\sdlproject\tpv2\debug\ballmovebehaviour.obj
f:\desarrollo de videojuegos\2 curso\tpv\tpv2\programacion-2\p1\sdlproject\tpv2\debug\audiomanager.obj
f:\desarrollo de videojuegos\2 curso\tpv\tpv2\programacion-2\p1\sdlproject\tpv2\debug\asteroids.obj
f:\desarrollo de videojuegos\2 curso\tpv\tpv2\programacion-2\p1\sdlproject\tpv2\debug\vector2d.obj
f:\desarrollo de videojuegos\2 curso\tpv\tpv2\programacion-2\p1\sdlproject\tpv2\debug\transform.obj
f:\desarrollo de videojuegos\2 curso\tpv\tpv2\programacion-2\p1\sdlproject\tpv2\debug\texturesmanager.obj
f:\desarrollo de videojuegos\2 curso\tpv\tpv2\programacion-2\p1\sdlproject\tpv2\debug\texture.obj
f:\desarrollo de videojuegos\2 curso\tpv\tpv2\programacion-2\p1\sdlproject\tpv2\debug\srandbasedgenerator.obj
f:\desarrollo de videojuegos\2 curso\tpv\tpv2\programacion-2\p1\sdlproject\tpv2\debug\simplemovebahviour.obj
f:\desarrollo de videojuegos\2 curso\tpv\tpv2\programacion-2\p1\sdlproject\tpv2\debug\sdl_macros.obj
f:\desarrollo de videojuegos\2 curso\tpv\tpv2\programacion-2\p1\sdlproject\tpv2\debug\sdltexturesmanager.obj
f:\desarrollo de videojuegos\2 curso\tpv\tpv2\programacion-2\p1\sdlproject\tpv2\debug\sdlgame.obj
f:\desarrollo de videojuegos\2 curso\tpv\tpv2\programacion-2\p1\sdlproject\tpv2\debug\sdlfontsmanager.obj
f:\desarrollo de videojuegos\2 curso\tpv\tpv2\programacion-2\p1\sdlproject\tpv2\debug\sdlaudiomanager.obj
f:\desarrollo de videojuegos\2 curso\tpv\tpv2\programacion-2\p1\sdlproject\tpv2\debug\scoreviewer.obj
f:\desarrollo de videojuegos\2 curso\tpv\tpv2\programacion-2\p1\sdlproject\tpv2\debug\scoremanager.obj
f:\desarrollo de videojuegos\2 curso\tpv\tpv2\programacion-2\p1\sdlproject\tpv2\debug\resources.obj
f:\desarrollo de videojuegos\2 curso\tpv\tpv2\programacion-2\p1\sdlproject\tpv2\debug\rectangle.obj
f:\desarrollo de videojuegos\2 curso\tpv\tpv2\programacion-2\p1\sdlproject\tpv2\debug\randomnumbergenerator.obj
f:\desarrollo de videojuegos\2 curso\tpv\tpv2\programacion-2\p1\sdlproject\tpv2\debug\pingpong.obj
f:\desarrollo de videojuegos\2 curso\tpv\tpv2\programacion-2\p1\sdlproject\tpv2\debug\paddlemovebehaviour.obj
f:\desarrollo de videojuegos\2 curso\tpv\tpv2\programacion-2\p1\sdlproject\tpv2\debug\paddlemousectrl.obj
f:\desarrollo de videojuegos\2 curso\tpv\tpv2\programacion-2\p1\sdlproject\tpv2\debug\paddlekbctrl.obj
f:\desarrollo de videojuegos\2 curso\tpv\tpv2\programacion-2\p1\sdlproject\bin\tpv2debug.exe
f:\desarrollo de videojuegos\2 curso\tpv\tpv2\programacion-2\p1\sdlproject\bin\tpv2debug.ilk
f:\desarrollo de videojuegos\2 curso\tpv\tpv2\programacion-2\p1\sdlproject\bin\tpv2debug.pdb
f:\desarrollo de videojuegos\2 curso\tpv\tpv2\programacion-2\p1\sdlproject\bin\tpv2debug.lib
f:\desarrollo de videojuegos\2 curso\tpv\tpv2\programacion-2\p1\sdlproject\bin\tpv2debug.exp
f:\desarrollo de videojuegos\2 curso\tpv\tpv2\programacion-2\p1\sdlproject\tpv2\debug\tpv2.tlog\cl.command.1.tlog
f:\desarrollo de videojuegos\2 curso\tpv\tpv2\programacion-2\p1\sdlproject\tpv2\debug\tpv2.tlog\cl.read.1.tlog
f:\desarrollo de videojuegos\2 curso\tpv\tpv2\programacion-2\p1\sdlproject\tpv2\debug\tpv2.tlog\cl.write.1.tlog
f:\desarrollo de videojuegos\2 curso\tpv\tpv2\programacion-2\p1\sdlproject\tpv2\debug\tpv2.tlog\link.command.1.tlog
f:\desarrollo de videojuegos\2 curso\tpv\tpv2\programacion-2\p1\sdlproject\tpv2\debug\tpv2.tlog\link.delete.1.tlog
f:\desarrollo de videojuegos\2 curso\tpv\tpv2\programacion-2\p1\sdlproject\tpv2\debug\tpv2.tlog\link.read.1.tlog
f:\desarrollo de videojuegos\2 curso\tpv\tpv2\programacion-2\p1\sdlproject\tpv2\debug\tpv2.tlog\link.write.1.tlog
f:\desarrollo de videojuegos\2 curso\tpv\tpv2\programacion-2\p1\sdlproject\tpv2\debug\tpv2.tlog\tpv2.write.1u.tlog
