  AsteroidLifetime.cpp
  AsteroidPool.cpp
  AudioManager.cpp
  BulletPool.cpp
  Collisions.cpp
  CollisionSystem.cpp
  DefFactory.cpp
  Entity.cpp
  Font.cpp
  FontsManager.cpp
  GameCtrlSystem.cpp
  GameState.cpp
  Health.cpp
  InputHandler.cpp
  jute.cpp
  main.cpp
F:\Desarrollo de Videojuegos\2 CURSO\TPV\TPV2\Programacion-2\P2\SDLProject\TPV2\PacManSystem.h(49,9): warning C4244: 'inicializando': conversión de 'double' a 'int'; posible pérdida de datos
  Manager.cpp
  ObjectFactory.cpp
  ObjectPool.cpp
  OFFacotry.cpp
  Generando código...
  Compilando...
  PacMan.cpp
F:\Desarrollo de Videojuegos\2 CURSO\TPV\TPV2\Programacion-2\P2\SDLProject\TPV2\PacManSystem.h(50,9): warning C4244: 'inicializando': conversión de 'double' a 'int'; posible pérdida de datos
F:\Desarrollo de Videojuegos\2 CURSO\TPV\TPV2\Programacion-2\P2\SDLProject\TPV2\PacManSystem.h(49,9): warning C4244: 'inicializando': conversión de 'double' a 'int'; posible pérdida de datos
  PacManSystem.cpp
F:\Desarrollo de Videojuegos\2 CURSO\TPV\TPV2\Programacion-2\P2\SDLProject\TPV2\PacManSystem.h(50,9): warning C4244: 'inicializando': conversión de 'double' a 'int'; posible pérdida de datos
F:\Desarrollo de Videojuegos\2 CURSO\TPV\TPV2\Programacion-2\P2\SDLProject\TPV2\PacManSystem.h(49,9): warning C4244: 'inicializando': conversión de 'double' a 'int'; posible pérdida de datos
  RandomNumberGenerator.cpp
  RenderSystem.cpp
  Resources.cpp
  Score.cpp
  SDLAudioManager.cpp
  SDLFontsManager.cpp
  SDLGame.cpp
  SDLTexturesManager.cpp
  sdl_macros.cpp
  Singleton.cpp
  SRandBasedGenerator.cpp
F:\Desarrollo de Videojuegos\2 CURSO\TPV\TPV2\Programacion-2\P2\SDLProject\TPV2\PacManSystem.h(50,9): warning C4244: 'inicializando': conversión de 'double' a 'int'; posible pérdida de datos
  StarsSystem.cpp
  System.cpp
  Texture.cpp
  TexturesManager.cpp
  Transform.cpp
  Vector2D.cpp
  Generando código...
F:\Desarrollo de Videojuegos\2 CURSO\TPV\TPV2\Programacion-2\P2\SDLProject\TPV2\SRandBasedGenerator.cpp(11,8): warning C4244: 'inicializando': conversión de 'time_t' a 'unsigned int'; posible pérdida de datos
     Creando biblioteca F:\Desarrollo de Videojuegos\2 CURSO\TPV\TPV2\Programacion-2\P2\SDLProject\bin\TPV2Debug.lib y objeto F:\Desarrollo de Videojuegos\2 CURSO\TPV\TPV2\Programacion-2\P2\SDLProject\bin\TPV2Debug.exp
  TPV2.vcxproj -> F:\Desarrollo de Videojuegos\2 CURSO\TPV\TPV2\Programacion-2\P2\SDLProject\bin\TPV2Debug.exe
