f:\desarrollo de videojuegos\2 curso\tpv\tpv2\programacion-2\p1\sdlproject\p4\p4\sdlproject\tpv2\x64\debug\vc142.pdb
f:\desarrollo de videojuegos\2 curso\tpv\tpv2\programacion-2\p1\sdlproject\p4\p4\sdlproject\tpv2\x64\debug\vc142.idb
f:\desarrollo de videojuegos\2 curso\tpv\tpv2\programacion-2\p1\sdlproject\p4\p4\sdlproject\tpv2\x64\debug\pacman.obj
f:\desarrollo de videojuegos\2 curso\tpv\tpv2\programacion-2\p1\sdlproject\p4\p4\sdlproject\tpv2\x64\debug\offacotry.obj
f:\desarrollo de videojuegos\2 curso\tpv\tpv2\programacion-2\p1\sdlproject\p4\p4\sdlproject\tpv2\x64\debug\objectpool.obj
f:\desarrollo de videojuegos\2 curso\tpv\tpv2\programacion-2\p1\sdlproject\p4\p4\sdlproject\tpv2\x64\debug\objectfactory.obj
f:\desarrollo de videojuegos\2 curso\tpv\tpv2\programacion-2\p1\sdlproject\p4\p4\sdlproject\tpv2\x64\debug\manager.obj
f:\desarrollo de videojuegos\2 curso\tpv\tpv2\programacion-2\p1\sdlproject\p4\p4\sdlproject\tpv2\x64\debug\main.obj
f:\desarrollo de videojuegos\2 curso\tpv\tpv2\programacion-2\p1\sdlproject\p4\p4\sdlproject\tpv2\x64\debug\jute.obj
f:\desarrollo de videojuegos\2 curso\tpv\tpv2\programacion-2\p1\sdlproject\p4\p4\sdlproject\tpv2\x64\debug\inputhandler.obj
f:\desarrollo de videojuegos\2 curso\tpv\tpv2\programacion-2\p1\sdlproject\p4\p4\sdlproject\tpv2\x64\debug\ghostssystem.obj
f:\desarrollo de videojuegos\2 curso\tpv\tpv2\programacion-2\p1\sdlproject\p4\p4\sdlproject\tpv2\x64\debug\ghostspool.obj
f:\desarrollo de videojuegos\2 curso\tpv\tpv2\programacion-2\p1\sdlproject\p4\p4\sdlproject\tpv2\x64\debug\gamectrlsystem.obj
f:\desarrollo de videojuegos\2 curso\tpv\tpv2\programacion-2\p1\sdlproject\p4\p4\sdlproject\tpv2\x64\debug\foodsystem.obj
f:\desarrollo de videojuegos\2 curso\tpv\tpv2\programacion-2\p1\sdlproject\p4\p4\sdlproject\tpv2\x64\debug\foodpool.obj
f:\desarrollo de videojuegos\2 curso\tpv\tpv2\programacion-2\p1\sdlproject\p4\p4\sdlproject\tpv2\x64\debug\fontsmanager.obj
f:\desarrollo de videojuegos\2 curso\tpv\tpv2\programacion-2\p1\sdlproject\p4\p4\sdlproject\tpv2\x64\debug\font.obj
f:\desarrollo de videojuegos\2 curso\tpv\tpv2\programacion-2\p1\sdlproject\p4\p4\sdlproject\tpv2\x64\debug\entity.obj
f:\desarrollo de videojuegos\2 curso\tpv\tpv2\programacion-2\p1\sdlproject\p4\p4\sdlproject\tpv2\x64\debug\deffactory.obj
f:\desarrollo de videojuegos\2 curso\tpv\tpv2\programacion-2\p1\sdlproject\p4\p4\sdlproject\tpv2\x64\debug\collisionsystem.obj
f:\desarrollo de videojuegos\2 curso\tpv\tpv2\programacion-2\p1\sdlproject\p4\p4\sdlproject\tpv2\x64\debug\collisions.obj
f:\desarrollo de videojuegos\2 curso\tpv\tpv2\programacion-2\p1\sdlproject\p4\p4\sdlproject\tpv2\x64\debug\audiomanager.obj
f:\desarrollo de videojuegos\2 curso\tpv\tpv2\programacion-2\p1\sdlproject\p4\p4\sdlproject\tpv2\x64\debug\vector2d.obj
f:\desarrollo de videojuegos\2 curso\tpv\tpv2\programacion-2\p1\sdlproject\p4\p4\sdlproject\tpv2\x64\debug\transform.obj
f:\desarrollo de videojuegos\2 curso\tpv\tpv2\programacion-2\p1\sdlproject\p4\p4\sdlproject\tpv2\x64\debug\texturesmanager.obj
f:\desarrollo de videojuegos\2 curso\tpv\tpv2\programacion-2\p1\sdlproject\p4\p4\sdlproject\tpv2\x64\debug\texture.obj
f:\desarrollo de videojuegos\2 curso\tpv\tpv2\programacion-2\p1\sdlproject\p4\p4\sdlproject\tpv2\x64\debug\system.obj
f:\desarrollo de videojuegos\2 curso\tpv\tpv2\programacion-2\p1\sdlproject\p4\p4\sdlproject\tpv2\x64\debug\srandbasedgenerator.obj
f:\desarrollo de videojuegos\2 curso\tpv\tpv2\programacion-2\p1\sdlproject\p4\p4\sdlproject\tpv2\x64\debug\singleton.obj
f:\desarrollo de videojuegos\2 curso\tpv\tpv2\programacion-2\p1\sdlproject\p4\p4\sdlproject\tpv2\x64\debug\sdl_macros.obj
f:\desarrollo de videojuegos\2 curso\tpv\tpv2\programacion-2\p1\sdlproject\p4\p4\sdlproject\tpv2\x64\debug\sdltexturesmanager.obj
f:\desarrollo de videojuegos\2 curso\tpv\tpv2\programacion-2\p1\sdlproject\p4\p4\sdlproject\tpv2\x64\debug\sdlgame.obj
f:\desarrollo de videojuegos\2 curso\tpv\tpv2\programacion-2\p1\sdlproject\p4\p4\sdlproject\tpv2\x64\debug\sdlfontsmanager.obj
f:\desarrollo de videojuegos\2 curso\tpv\tpv2\programacion-2\p1\sdlproject\p4\p4\sdlproject\tpv2\x64\debug\sdlaudiomanager.obj
f:\desarrollo de videojuegos\2 curso\tpv\tpv2\programacion-2\p1\sdlproject\p4\p4\sdlproject\tpv2\x64\debug\resources.obj
f:\desarrollo de videojuegos\2 curso\tpv\tpv2\programacion-2\p1\sdlproject\p4\p4\sdlproject\tpv2\x64\debug\rendersystem.obj
f:\desarrollo de videojuegos\2 curso\tpv\tpv2\programacion-2\p1\sdlproject\p4\p4\sdlproject\tpv2\x64\debug\randomnumbergenerator.obj
f:\desarrollo de videojuegos\2 curso\tpv\tpv2\programacion-2\p1\sdlproject\p4\p4\sdlproject\tpv2\x64\debug\pacmansystem.obj
d:\github\programacion-2\p4\p4\sdlproject\tpv2\x64\debug\audiomanager.obj
d:\github\programacion-2\p4\p4\sdlproject\tpv2\x64\debug\collisions.obj
d:\github\programacion-2\p4\p4\sdlproject\tpv2\x64\debug\collisionsystem.obj
d:\github\programacion-2\p4\p4\sdlproject\tpv2\x64\debug\deffactory.obj
d:\github\programacion-2\p4\p4\sdlproject\tpv2\x64\debug\entity.obj
d:\github\programacion-2\p4\p4\sdlproject\tpv2\x64\debug\font.obj
d:\github\programacion-2\p4\p4\sdlproject\tpv2\x64\debug\fontsmanager.obj
d:\github\programacion-2\p4\p4\sdlproject\tpv2\x64\debug\foodpool.obj
d:\github\programacion-2\p4\p4\sdlproject\tpv2\x64\debug\foodsystem.obj
d:\github\programacion-2\p4\p4\sdlproject\tpv2\x64\debug\gamectrlsystem.obj
d:\github\programacion-2\p4\p4\sdlproject\tpv2\x64\debug\ghostspool.obj
d:\github\programacion-2\p4\p4\sdlproject\tpv2\x64\debug\ghostssystem.obj
d:\github\programacion-2\p4\p4\sdlproject\tpv2\x64\debug\inputhandler.obj
d:\github\programacion-2\p4\p4\sdlproject\tpv2\x64\debug\jute.obj
d:\github\programacion-2\p4\p4\sdlproject\tpv2\x64\debug\main.obj
d:\github\programacion-2\p4\p4\sdlproject\tpv2\x64\debug\manager.obj
d:\github\programacion-2\p4\p4\sdlproject\tpv2\x64\debug\objectfactory.obj
d:\github\programacion-2\p4\p4\sdlproject\tpv2\x64\debug\objectpool.obj
d:\github\programacion-2\p4\p4\sdlproject\tpv2\x64\debug\offacotry.obj
d:\github\programacion-2\p4\p4\sdlproject\tpv2\x64\debug\pacman.obj
d:\github\programacion-2\p4\p4\sdlproject\tpv2\x64\debug\pacmansystem.obj
d:\github\programacion-2\p4\p4\sdlproject\tpv2\x64\debug\randomnumbergenerator.obj
d:\github\programacion-2\p4\p4\sdlproject\tpv2\x64\debug\rendersystem.obj
d:\github\programacion-2\p4\p4\sdlproject\tpv2\x64\debug\resources.obj
d:\github\programacion-2\p4\p4\sdlproject\tpv2\x64\debug\sdlaudiomanager.obj
d:\github\programacion-2\p4\p4\sdlproject\tpv2\x64\debug\sdlfontsmanager.obj
d:\github\programacion-2\p4\p4\sdlproject\tpv2\x64\debug\sdlgame.obj
d:\github\programacion-2\p4\p4\sdlproject\tpv2\x64\debug\sdltexturesmanager.obj
d:\github\programacion-2\p4\p4\sdlproject\tpv2\x64\debug\sdl_macros.obj
d:\github\programacion-2\p4\p4\sdlproject\tpv2\x64\debug\singleton.obj
d:\github\programacion-2\p4\p4\sdlproject\tpv2\x64\debug\srandbasedgenerator.obj
d:\github\programacion-2\p4\p4\sdlproject\tpv2\x64\debug\system.obj
d:\github\programacion-2\p4\p4\sdlproject\tpv2\x64\debug\texture.obj
d:\github\programacion-2\p4\p4\sdlproject\tpv2\x64\debug\texturesmanager.obj
d:\github\programacion-2\p4\p4\sdlproject\tpv2\x64\debug\transform.obj
d:\github\programacion-2\p4\p4\sdlproject\tpv2\x64\debug\vector2d.obj
d:\github\programacion-2\p4\p4\sdlproject\tpv2\x64\debug\vc142.idb
d:\github\programacion-2\p4\p4\sdlproject\tpv2\x64\debug\vc142.pdb
d:\github\programacion-2\p4\p4\sdlproject\tpv2\x64\debug\tpv2.tlog\cl.command.1.tlog
d:\github\programacion-2\p4\p4\sdlproject\tpv2\x64\debug\tpv2.tlog\cl.read.1.tlog
d:\github\programacion-2\p4\p4\sdlproject\tpv2\x64\debug\tpv2.tlog\cl.write.1.tlog
d:\github\programacion-2\p4\p4\sdlproject\tpv2\x64\debug\tpv2.tlog\link-cvtres.read.1.tlog
d:\github\programacion-2\p4\p4\sdlproject\tpv2\x64\debug\tpv2.tlog\link-cvtres.write.1.tlog
d:\github\programacion-2\p4\p4\sdlproject\tpv2\x64\debug\tpv2.tlog\link-rc.read.1.tlog
d:\github\programacion-2\p4\p4\sdlproject\tpv2\x64\debug\tpv2.tlog\link-rc.write.1.tlog
d:\github\programacion-2\p4\p4\sdlproject\tpv2\x64\debug\tpv2.tlog\link.command.1.tlog
d:\github\programacion-2\p4\p4\sdlproject\tpv2\x64\debug\tpv2.tlog\link.read.1.tlog
d:\github\programacion-2\p4\p4\sdlproject\tpv2\x64\debug\tpv2.tlog\link.write.1.tlog
