  BulletsPool.cpp
  BulletsSystem.cpp
  CollisionSystem.cpp
D:\GitHub\Programacion-2\P3\P3\SDLProject\TPV2\ObjectFactory.h(37,11): warning C4244: 'inicializando': conversión de '__int64' a 'int'; posible pérdida de datos
D:\GitHub\Programacion-2\P3\P3\SDLProject\TPV2\ObjectFactory.h(36): message : al compilar la función del miembro clase plantilla "void ObjectFactory<T,std::allocator<T>>::destroy(T *)"
          with
          [
              T=msg::Message
          ]
D:\GitHub\Programacion-2\P3\P3\SDLProject\TPV2\OFFacotry.h(27): message : Vea la referencia a la creación de una instancia de la función plantilla "void ObjectFactory<T,std::allocator<T>>::destroy(T *)" que se está compilando
          with
          [
              T=msg::Message
          ]
D:\GitHub\Programacion-2\P3\P3\SDLProject\TPV2\OFFacotry.h(38): message : Vea la referencia a la creación de una instancia de clase plantilla "ObjectFactory<T,std::allocator<T>>" que se está compilando
          with
          [
              T=msg::Message
          ]
D:\GitHub\Programacion-2\P3\P3\SDLProject\TPV2\Manager.h(96): message : Vea la referencia a la creación de una instancia de clase plantilla "OFFacotry<T>" que se está compilando
          with
          [
              T=msg::Message
          ]
D:\GitHub\Programacion-2\P3\P3\SDLProject\TPV2\CollisionSystem.cpp(54): message : Vea la referencia a la creación de una instancia de la función plantilla "void Manager::send<msg::Message,OFFacotry<T>,msg::MsgId>(msg::MsgId &&)" que se está compilando
          with
          [
              T=msg::Message
          ]
D:\GitHub\Programacion-2\P3\P3\SDLProject\TPV2\OFFacotry.h(35,1): warning C4267: 'argumento': conversión de 'size_t' a 'int'; posible pérdida de datos
D:\GitHub\Programacion-2\P3\P3\SDLProject\TPV2\OFFacotry.h(34): message : al compilar la función del miembro clase plantilla "OFFacotry<T>::OFFacotry(size_t)"
          with
          [
              T=msg::Message
          ]
D:\GitHub\Programacion-2\P3\P3\SDLProject\TPV2\OFFacotry.h(32): message : Vea la referencia a la creación de una instancia de la función plantilla "OFFacotry<T>::OFFacotry(size_t)" que se está compilando
          with
          [
              T=msg::Message
          ]
  Entity.cpp
  FightersSystem.cpp
D:\GitHub\Programacion-2\P3\P3\SDLProject\TPV2\ObjectFactory.h(37,11): warning C4244: 'inicializando': conversión de '__int64' a 'int'; posible pérdida de datos
D:\GitHub\Programacion-2\P3\P3\SDLProject\TPV2\ObjectFactory.h(36): message : al compilar la función del miembro clase plantilla "void ObjectFactory<T,std::allocator<T>>::destroy(T *)"
          with
          [
              T=msg::FighterInfoMessage
          ]
D:\GitHub\Programacion-2\P3\P3\SDLProject\TPV2\OFFacotry.h(27): message : Vea la referencia a la creación de una instancia de la función plantilla "void ObjectFactory<T,std::allocator<T>>::destroy(T *)" que se está compilando
          with
          [
              T=msg::FighterInfoMessage
          ]
D:\GitHub\Programacion-2\P3\P3\SDLProject\TPV2\OFFacotry.h(38): message : Vea la referencia a la creación de una instancia de clase plantilla "ObjectFactory<T,std::allocator<T>>" que se está compilando
          with
          [
              T=msg::FighterInfoMessage
          ]
D:\GitHub\Programacion-2\P3\P3\SDLProject\TPV2\Manager.h(96): message : Vea la referencia a la creación de una instancia de clase plantilla "OFFacotry<T>" que se está compilando
          with
          [
              T=msg::FighterInfoMessage
          ]
D:\GitHub\Programacion-2\P3\P3\SDLProject\TPV2\FightersSystem.cpp(162): message : Vea la referencia a la creación de una instancia de la función plantilla "void Manager::send<msg::FighterInfoMessage,OFFacotry<T>,double,double,double&>(double &&,double &&,double &)" que se está compilando
          with
          [
              T=msg::FighterInfoMessage
          ]
D:\GitHub\Programacion-2\P3\P3\SDLProject\TPV2\OFFacotry.h(35,1): warning C4267: 'argumento': conversión de 'size_t' a 'int'; posible pérdida de datos
D:\GitHub\Programacion-2\P3\P3\SDLProject\TPV2\OFFacotry.h(34): message : al compilar la función del miembro clase plantilla "OFFacotry<T>::OFFacotry(size_t)"
          with
          [
              T=msg::FighterInfoMessage
          ]
D:\GitHub\Programacion-2\P3\P3\SDLProject\TPV2\OFFacotry.h(32): message : Vea la referencia a la creación de una instancia de la función plantilla "OFFacotry<T>::OFFacotry(size_t)" que se está compilando
          with
          [
              T=msg::FighterInfoMessage
          ]
  GameCtrlSystem.cpp
D:\GitHub\Programacion-2\P3\P3\SDLProject\TPV2\ObjectFactory.h(37,11): warning C4244: 'inicializando': conversión de '__int64' a 'int'; posible pérdida de datos
D:\GitHub\Programacion-2\P3\P3\SDLProject\TPV2\ObjectFactory.h(36): message : al compilar la función del miembro clase plantilla "void ObjectFactory<T,std::allocator<T>>::destroy(T *)"
          with
          [
              T=msg::Message
          ]
D:\GitHub\Programacion-2\P3\P3\SDLProject\TPV2\OFFacotry.h(27): message : Vea la referencia a la creación de una instancia de la función plantilla "void ObjectFactory<T,std::allocator<T>>::destroy(T *)" que se está compilando
          with
          [
              T=msg::Message
          ]
D:\GitHub\Programacion-2\P3\P3\SDLProject\TPV2\OFFacotry.h(38): message : Vea la referencia a la creación de una instancia de clase plantilla "ObjectFactory<T,std::allocator<T>>" que se está compilando
          with
          [
              T=msg::Message
          ]
D:\GitHub\Programacion-2\P3\P3\SDLProject\TPV2\Manager.h(96): message : Vea la referencia a la creación de una instancia de clase plantilla "OFFacotry<T>" que se está compilando
          with
          [
              T=msg::Message
          ]
D:\GitHub\Programacion-2\P3\P3\SDLProject\TPV2\GameCtrlSystem.cpp(30): message : Vea la referencia a la creación de una instancia de la función plantilla "void Manager::send<msg::Message,OFFacotry<T>,msg::MsgId>(msg::MsgId &&)" que se está compilando
          with
          [
              T=msg::Message
          ]
D:\GitHub\Programacion-2\P3\P3\SDLProject\TPV2\OFFacotry.h(35,1): warning C4267: 'argumento': conversión de 'size_t' a 'int'; posible pérdida de datos
D:\GitHub\Programacion-2\P3\P3\SDLProject\TPV2\OFFacotry.h(34): message : al compilar la función del miembro clase plantilla "OFFacotry<T>::OFFacotry(size_t)"
          with
          [
              T=msg::Message
          ]
D:\GitHub\Programacion-2\P3\P3\SDLProject\TPV2\OFFacotry.h(32): message : Vea la referencia a la creación de una instancia de la función plantilla "OFFacotry<T>::OFFacotry(size_t)" que se está compilando
          with
          [
              T=msg::Message
          ]
D:\Microsoft Visual Studio\2019\Community\VC\Tools\MSVC\14.24.28314\include\xmemory(794,82): error C2664: 'msg::PlayerInfo::PlayerInfo(msg::PlayerInfo &&)': el argumento 1 no puede convertirse de '_Ty' a 'char *'
          with
          [
              _Ty=const char *
          ]
D:\Microsoft Visual Studio\2019\Community\VC\Tools\MSVC\14.24.28314\include\xmemory(794,103): message : Se pierden calificadores en la conversión
D:\GitHub\Programacion-2\P3\P3\SDLProject\TPV2\messages.h(52,2): message : vea la declaración de 'msg::PlayerInfo::PlayerInfo'
D:\GitHub\Programacion-2\P3\P3\SDLProject\TPV2\ObjectFactory.h(24): message : Vea la referencia a la creación de una instancia de la función plantilla "void std::allocator<T>::construct<T,_Ty>(_Objty *const ,_Ty &&)" que se está compilando
          with
          [
              T=msg::PlayerInfo,
              _Ty=const char *,
              _Objty=msg::PlayerInfo
          ]
D:\GitHub\Programacion-2\P3\P3\SDLProject\TPV2\ObjectFactory.h(29): message : Vea la referencia a la creación de una instancia de la función plantilla "void std::allocator<T>::construct<T,_Ty>(_Objty *const ,_Ty &&)" que se está compilando
          with
          [
              T=msg::PlayerInfo,
              _Ty=const char *,
              _Objty=msg::PlayerInfo
          ]
D:\GitHub\Programacion-2\P3\P3\SDLProject\TPV2\OFFacotry.h(22): message : Vea la referencia a la creación de una instancia de la función plantilla "T *ObjectFactory<T,std::allocator<T>>::construct<_Ty>(_Ty &&)" que se está compilando
          with
          [
              T=msg::PlayerInfo,
              _Ty=const char *
          ]
D:\GitHub\Programacion-2\P3\P3\SDLProject\TPV2\OFFacotry.h(23): message : Vea la referencia a la creación de una instancia de la función plantilla "T *ObjectFactory<T,std::allocator<T>>::construct<_Ty>(_Ty &&)" que se está compilando
          with
          [
              T=msg::PlayerInfo,
              _Ty=const char *
          ]
D:\GitHub\Programacion-2\P3\P3\SDLProject\TPV2\OFFacotry.h(13): message : Vea la referencia a la creación de una instancia de la función plantilla "T *OFFacotry<T>::construct_<_Ty>(_Ty &&)" que se está compilando
          with
          [
              T=msg::PlayerInfo,
              _Ty=const char *
          ]
D:\GitHub\Programacion-2\P3\P3\SDLProject\TPV2\OFFacotry.h(14): message : Vea la referencia a la creación de una instancia de la función plantilla "T *OFFacotry<T>::construct_<_Ty>(_Ty &&)" que se está compilando
          with
          [
              T=msg::PlayerInfo,
              _Ty=const char *
          ]
D:\GitHub\Programacion-2\P3\P3\SDLProject\TPV2\Manager.h(96): message : Vea la referencia a la creación de una instancia de la función plantilla "T *OFFacotry<T>::construct<_Ty>(_Ty &&)" que se está compilando
          with
          [
              T=msg::PlayerInfo,
              _Ty=const char *
          ]
D:\GitHub\Programacion-2\P3\P3\SDLProject\TPV2\Manager.h(97): message : Vea la referencia a la creación de una instancia de la función plantilla "T *OFFacotry<T>::construct<_Ty>(_Ty &&)" que se está compilando
          with
          [
              T=msg::PlayerInfo,
              _Ty=const char *
          ]
  Manager.cpp
  Networking.cpp
D:\GitHub\Programacion-2\P3\P3\SDLProject\TPV2\Networking.cpp(21,8): warning C4018: '<': no coinciden signed/unsigned
  NetworkingSystem.cpp
D:\GitHub\Programacion-2\P3\P3\SDLProject\TPV2\ObjectFactory.h(37,11): warning C4244: 'inicializando': conversión de '__int64' a 'int'; posible pérdida de datos
D:\GitHub\Programacion-2\P3\P3\SDLProject\TPV2\ObjectFactory.h(36): message : al compilar la función del miembro clase plantilla "void ObjectFactory<T,std::allocator<T>>::destroy(T *)"
          with
          [
              T=msg::FighterDead
          ]
D:\GitHub\Programacion-2\P3\P3\SDLProject\TPV2\OFFacotry.h(27): message : Vea la referencia a la creación de una instancia de la función plantilla "void ObjectFactory<T,std::allocator<T>>::destroy(T *)" que se está compilando
          with
          [
              T=msg::FighterDead
          ]
D:\GitHub\Programacion-2\P3\P3\SDLProject\TPV2\OFFacotry.h(38): message : Vea la referencia a la creación de una instancia de clase plantilla "ObjectFactory<T,std::allocator<T>>" que se está compilando
          with
          [
              T=msg::FighterDead
          ]
D:\GitHub\Programacion-2\P3\P3\SDLProject\TPV2\Manager.h(106): message : Vea la referencia a la creación de una instancia de clase plantilla "OFFacotry<T>" que se está compilando
          with
          [
              T=msg::FighterDead
          ]
D:\GitHub\Programacion-2\P3\P3\SDLProject\TPV2\NetworkingSystem.cpp(50): message : Vea la referencia a la creación de una instancia de la función plantilla "void Manager::forwardMsg<msg::FighterDead,OFFacotry<T>,uint8_t&>(uint32_t,uint8_t &)" que se está compilando
          with
          [
              T=msg::FighterDead
          ]
D:\GitHub\Programacion-2\P3\P3\SDLProject\TPV2\OFFacotry.h(35,1): warning C4267: 'argumento': conversión de 'size_t' a 'int'; posible pérdida de datos
D:\GitHub\Programacion-2\P3\P3\SDLProject\TPV2\OFFacotry.h(34): message : al compilar la función del miembro clase plantilla "OFFacotry<T>::OFFacotry(size_t)"
          with
          [
              T=msg::FighterDead
          ]
D:\GitHub\Programacion-2\P3\P3\SDLProject\TPV2\OFFacotry.h(32): message : Vea la referencia a la creación de una instancia de la función plantilla "OFFacotry<T>::OFFacotry(size_t)" que se está compilando
          with
          [
              T=msg::FighterDead
          ]
  RenderSystem.cpp
  SDLGame.cpp
  StarWars.cpp
  System.cpp
  main.cpp
  Generando código...
