d:\desarrollo de videojuegos\2 curso\tpv\tpv2\p1\sdlproject\tpv2\x64\debug\vc142.pdb
d:\desarrollo de videojuegos\2 curso\tpv\tpv2\p1\sdlproject\tpv2\x64\debug\vc142.idb
d:\desarrollo de videojuegos\2 curso\tpv\tpv2\p1\sdlproject\tpv2\x64\debug\rectangle.obj
d:\desarrollo de videojuegos\2 curso\tpv\tpv2\p1\sdlproject\tpv2\x64\debug\randomnumbergenerator.obj
d:\desarrollo de videojuegos\2 curso\tpv\tpv2\p1\sdlproject\tpv2\x64\debug\pingpong.obj
d:\desarrollo de videojuegos\2 curso\tpv\tpv2\p1\sdlproject\tpv2\x64\debug\paddlemovebehaviour.obj
d:\desarrollo de videojuegos\2 curso\tpv\tpv2\p1\sdlproject\tpv2\x64\debug\paddlemousectrl.obj
d:\desarrollo de videojuegos\2 curso\tpv\tpv2\p1\sdlproject\tpv2\x64\debug\paddlekbctrl.obj
d:\desarrollo de videojuegos\2 curso\tpv\tpv2\p1\sdlproject\tpv2\x64\debug\objectpool.obj
d:\desarrollo de videojuegos\2 curso\tpv\tpv2\p1\sdlproject\tpv2\x64\debug\manager.obj
d:\desarrollo de videojuegos\2 curso\tpv\tpv2\p1\sdlproject\tpv2\x64\debug\main.obj
d:\desarrollo de videojuegos\2 curso\tpv\tpv2\p1\sdlproject\tpv2\x64\debug\jute.obj
d:\desarrollo de videojuegos\2 curso\tpv\tpv2\p1\sdlproject\tpv2\x64\debug\inputhandler.obj
d:\desarrollo de videojuegos\2 curso\tpv\tpv2\p1\sdlproject\tpv2\x64\debug\gamelogic.obj
d:\desarrollo de videojuegos\2 curso\tpv\tpv2\p1\sdlproject\tpv2\x64\debug\gamectrl.obj
d:\desarrollo de videojuegos\2 curso\tpv\tpv2\p1\sdlproject\tpv2\x64\debug\fontsmanager.obj
d:\desarrollo de videojuegos\2 curso\tpv\tpv2\p1\sdlproject\tpv2\x64\debug\font.obj
d:\desarrollo de videojuegos\2 curso\tpv\tpv2\p1\sdlproject\tpv2\x64\debug\entity.obj
d:\desarrollo de videojuegos\2 curso\tpv\tpv2\p1\sdlproject\tpv2\x64\debug\component.obj
d:\desarrollo de videojuegos\2 curso\tpv\tpv2\p1\sdlproject\tpv2\x64\debug\collisions.obj
d:\desarrollo de videojuegos\2 curso\tpv\tpv2\p1\sdlproject\tpv2\x64\debug\ballmovebehaviour.obj
d:\desarrollo de videojuegos\2 curso\tpv\tpv2\p1\sdlproject\tpv2\x64\debug\audiomanager.obj
d:\desarrollo de videojuegos\2 curso\tpv\tpv2\p1\sdlproject\tpv2\x64\debug\vector2d.obj
d:\desarrollo de videojuegos\2 curso\tpv\tpv2\p1\sdlproject\tpv2\x64\debug\transform.obj
d:\desarrollo de videojuegos\2 curso\tpv\tpv2\p1\sdlproject\tpv2\x64\debug\texturesmanager.obj
d:\desarrollo de videojuegos\2 curso\tpv\tpv2\p1\sdlproject\tpv2\x64\debug\texture.obj
d:\desarrollo de videojuegos\2 curso\tpv\tpv2\p1\sdlproject\tpv2\x64\debug\srandbasedgenerator.obj
d:\desarrollo de videojuegos\2 curso\tpv\tpv2\p1\sdlproject\tpv2\x64\debug\simplemovebahviour.obj
d:\desarrollo de videojuegos\2 curso\tpv\tpv2\p1\sdlproject\tpv2\x64\debug\sdl_macros.obj
d:\desarrollo de videojuegos\2 curso\tpv\tpv2\p1\sdlproject\tpv2\x64\debug\sdltexturesmanager.obj
d:\desarrollo de videojuegos\2 curso\tpv\tpv2\p1\sdlproject\tpv2\x64\debug\sdlgame.obj
d:\desarrollo de videojuegos\2 curso\tpv\tpv2\p1\sdlproject\tpv2\x64\debug\sdlfontsmanager.obj
d:\desarrollo de videojuegos\2 curso\tpv\tpv2\p1\sdlproject\tpv2\x64\debug\sdlaudiomanager.obj
d:\desarrollo de videojuegos\2 curso\tpv\tpv2\p1\sdlproject\tpv2\x64\debug\scoreviewer.obj
d:\desarrollo de videojuegos\2 curso\tpv\tpv2\p1\sdlproject\tpv2\x64\debug\scoremanager.obj
d:\desarrollo de videojuegos\2 curso\tpv\tpv2\p1\sdlproject\tpv2\x64\debug\resources.obj
f:\desarrollo de videojuegos\2 curso\tpv\tpv2\programacion-2\p1\sdlproject\tpv2\x64\debug\vc142.pdb
f:\desarrollo de videojuegos\2 curso\tpv\tpv2\programacion-2\p1\sdlproject\tpv2\x64\debug\vc142.idb
f:\desarrollo de videojuegos\2 curso\tpv\tpv2\programacion-2\p1\sdlproject\tpv2\x64\debug\objectpool.obj
f:\desarrollo de videojuegos\2 curso\tpv\tpv2\programacion-2\p1\sdlproject\tpv2\x64\debug\manager.obj
f:\desarrollo de videojuegos\2 curso\tpv\tpv2\programacion-2\p1\sdlproject\tpv2\x64\debug\main.obj
f:\desarrollo de videojuegos\2 curso\tpv\tpv2\programacion-2\p1\sdlproject\tpv2\x64\debug\jute.obj
f:\desarrollo de videojuegos\2 curso\tpv\tpv2\programacion-2\p1\sdlproject\tpv2\x64\debug\inputhandler.obj
f:\desarrollo de videojuegos\2 curso\tpv\tpv2\programacion-2\p1\sdlproject\tpv2\x64\debug\health.obj
f:\desarrollo de videojuegos\2 curso\tpv\tpv2\programacion-2\p1\sdlproject\tpv2\x64\debug\gun.obj
f:\desarrollo de videojuegos\2 curso\tpv\tpv2\programacion-2\p1\sdlproject\tpv2\x64\debug\gamelogic.obj
f:\desarrollo de videojuegos\2 curso\tpv\tpv2\programacion-2\p1\sdlproject\tpv2\x64\debug\gamectrl.obj
f:\desarrollo de videojuegos\2 curso\tpv\tpv2\programacion-2\p1\sdlproject\tpv2\x64\debug\fontsmanager.obj
f:\desarrollo de videojuegos\2 curso\tpv\tpv2\programacion-2\p1\sdlproject\tpv2\x64\debug\font.obj
f:\desarrollo de videojuegos\2 curso\tpv\tpv2\programacion-2\p1\sdlproject\tpv2\x64\debug\fighterviewer.obj
f:\desarrollo de videojuegos\2 curso\tpv\tpv2\programacion-2\p1\sdlproject\tpv2\x64\debug\fightermotion.obj
f:\desarrollo de videojuegos\2 curso\tpv\tpv2\programacion-2\p1\sdlproject\tpv2\x64\debug\fighterctrl.obj
f:\desarrollo de videojuegos\2 curso\tpv\tpv2\programacion-2\p1\sdlproject\tpv2\x64\debug\entity.obj
f:\desarrollo de videojuegos\2 curso\tpv\tpv2\programacion-2\p1\sdlproject\tpv2\x64\debug\component.obj
f:\desarrollo de videojuegos\2 curso\tpv\tpv2\programacion-2\p1\sdlproject\tpv2\x64\debug\collisions.obj
f:\desarrollo de videojuegos\2 curso\tpv\tpv2\programacion-2\p1\sdlproject\tpv2\x64\debug\ballmovebehaviour.obj
f:\desarrollo de videojuegos\2 curso\tpv\tpv2\programacion-2\p1\sdlproject\tpv2\x64\debug\audiomanager.obj
f:\desarrollo de videojuegos\2 curso\tpv\tpv2\programacion-2\p1\sdlproject\tpv2\x64\debug\asteroids.obj
f:\desarrollo de videojuegos\2 curso\tpv\tpv2\programacion-2\p1\sdlproject\tpv2\x64\debug\vector2d.obj
f:\desarrollo de videojuegos\2 curso\tpv\tpv2\programacion-2\p1\sdlproject\tpv2\x64\debug\transform.obj
f:\desarrollo de videojuegos\2 curso\tpv\tpv2\programacion-2\p1\sdlproject\tpv2\x64\debug\texturesmanager.obj
f:\desarrollo de videojuegos\2 curso\tpv\tpv2\programacion-2\p1\sdlproject\tpv2\x64\debug\texture.obj
f:\desarrollo de videojuegos\2 curso\tpv\tpv2\programacion-2\p1\sdlproject\tpv2\x64\debug\srandbasedgenerator.obj
f:\desarrollo de videojuegos\2 curso\tpv\tpv2\programacion-2\p1\sdlproject\tpv2\x64\debug\simplemovebahviour.obj
f:\desarrollo de videojuegos\2 curso\tpv\tpv2\programacion-2\p1\sdlproject\tpv2\x64\debug\sdl_macros.obj
f:\desarrollo de videojuegos\2 curso\tpv\tpv2\programacion-2\p1\sdlproject\tpv2\x64\debug\sdltexturesmanager.obj
f:\desarrollo de videojuegos\2 curso\tpv\tpv2\programacion-2\p1\sdlproject\tpv2\x64\debug\sdlgame.obj
f:\desarrollo de videojuegos\2 curso\tpv\tpv2\programacion-2\p1\sdlproject\tpv2\x64\debug\sdlfontsmanager.obj
f:\desarrollo de videojuegos\2 curso\tpv\tpv2\programacion-2\p1\sdlproject\tpv2\x64\debug\sdlaudiomanager.obj
f:\desarrollo de videojuegos\2 curso\tpv\tpv2\programacion-2\p1\sdlproject\tpv2\x64\debug\scoreviewer.obj
f:\desarrollo de videojuegos\2 curso\tpv\tpv2\programacion-2\p1\sdlproject\tpv2\x64\debug\scoremanager.obj
f:\desarrollo de videojuegos\2 curso\tpv\tpv2\programacion-2\p1\sdlproject\tpv2\x64\debug\resources.obj
f:\desarrollo de videojuegos\2 curso\tpv\tpv2\programacion-2\p1\sdlproject\tpv2\x64\debug\rectangle.obj
f:\desarrollo de videojuegos\2 curso\tpv\tpv2\programacion-2\p1\sdlproject\tpv2\x64\debug\randomnumbergenerator.obj
f:\desarrollo de videojuegos\2 curso\tpv\tpv2\programacion-2\p1\sdlproject\tpv2\x64\debug\pingpong.obj
f:\desarrollo de videojuegos\2 curso\tpv\tpv2\programacion-2\p1\sdlproject\tpv2\x64\debug\paddlemovebehaviour.obj
f:\desarrollo de videojuegos\2 curso\tpv\tpv2\programacion-2\p1\sdlproject\tpv2\x64\debug\paddlemousectrl.obj
f:\desarrollo de videojuegos\2 curso\tpv\tpv2\programacion-2\p1\sdlproject\tpv2\x64\debug\paddlekbctrl.obj
f:\desarrollo de videojuegos\2 curso\tpv\tpv2\p1\sdlproject\tpv2\x64\debug\vc142.pdb
f:\desarrollo de videojuegos\2 curso\tpv\tpv2\p1\sdlproject\tpv2\x64\debug\vc142.idb
f:\desarrollo de videojuegos\2 curso\tpv\tpv2\p1\sdlproject\tpv2\x64\debug\objectpool.obj
f:\desarrollo de videojuegos\2 curso\tpv\tpv2\p1\sdlproject\tpv2\x64\debug\manager.obj
f:\desarrollo de videojuegos\2 curso\tpv\tpv2\p1\sdlproject\tpv2\x64\debug\main.obj
f:\desarrollo de videojuegos\2 curso\tpv\tpv2\p1\sdlproject\tpv2\x64\debug\jute.obj
f:\desarrollo de videojuegos\2 curso\tpv\tpv2\p1\sdlproject\tpv2\x64\debug\inputhandler.obj
f:\desarrollo de videojuegos\2 curso\tpv\tpv2\p1\sdlproject\tpv2\x64\debug\health.obj
f:\desarrollo de videojuegos\2 curso\tpv\tpv2\p1\sdlproject\tpv2\x64\debug\gun.obj
f:\desarrollo de videojuegos\2 curso\tpv\tpv2\p1\sdlproject\tpv2\x64\debug\gamelogic.obj
f:\desarrollo de videojuegos\2 curso\tpv\tpv2\p1\sdlproject\tpv2\x64\debug\gamectrl.obj
f:\desarrollo de videojuegos\2 curso\tpv\tpv2\p1\sdlproject\tpv2\x64\debug\fontsmanager.obj
f:\desarrollo de videojuegos\2 curso\tpv\tpv2\p1\sdlproject\tpv2\x64\debug\font.obj
f:\desarrollo de videojuegos\2 curso\tpv\tpv2\p1\sdlproject\tpv2\x64\debug\fighterviewer.obj
f:\desarrollo de videojuegos\2 curso\tpv\tpv2\p1\sdlproject\tpv2\x64\debug\fightermotion.obj
f:\desarrollo de videojuegos\2 curso\tpv\tpv2\p1\sdlproject\tpv2\x64\debug\fighterctrl.obj
f:\desarrollo de videojuegos\2 curso\tpv\tpv2\p1\sdlproject\tpv2\x64\debug\entity.obj
f:\desarrollo de videojuegos\2 curso\tpv\tpv2\p1\sdlproject\tpv2\x64\debug\component.obj
f:\desarrollo de videojuegos\2 curso\tpv\tpv2\p1\sdlproject\tpv2\x64\debug\collisions.obj
f:\desarrollo de videojuegos\2 curso\tpv\tpv2\p1\sdlproject\tpv2\x64\debug\ballmovebehaviour.obj
f:\desarrollo de videojuegos\2 curso\tpv\tpv2\p1\sdlproject\tpv2\x64\debug\audiomanager.obj
f:\desarrollo de videojuegos\2 curso\tpv\tpv2\p1\sdlproject\tpv2\x64\debug\asteroids.obj
f:\desarrollo de videojuegos\2 curso\tpv\tpv2\p1\sdlproject\tpv2\x64\debug\vector2d.obj
f:\desarrollo de videojuegos\2 curso\tpv\tpv2\p1\sdlproject\tpv2\x64\debug\transform.obj
f:\desarrollo de videojuegos\2 curso\tpv\tpv2\p1\sdlproject\tpv2\x64\debug\texturesmanager.obj
f:\desarrollo de videojuegos\2 curso\tpv\tpv2\p1\sdlproject\tpv2\x64\debug\texture.obj
f:\desarrollo de videojuegos\2 curso\tpv\tpv2\p1\sdlproject\tpv2\x64\debug\srandbasedgenerator.obj
f:\desarrollo de videojuegos\2 curso\tpv\tpv2\p1\sdlproject\tpv2\x64\debug\simplemovebahviour.obj
f:\desarrollo de videojuegos\2 curso\tpv\tpv2\p1\sdlproject\tpv2\x64\debug\sdl_macros.obj
f:\desarrollo de videojuegos\2 curso\tpv\tpv2\p1\sdlproject\tpv2\x64\debug\sdltexturesmanager.obj
f:\desarrollo de videojuegos\2 curso\tpv\tpv2\p1\sdlproject\tpv2\x64\debug\sdlgame.obj
f:\desarrollo de videojuegos\2 curso\tpv\tpv2\p1\sdlproject\tpv2\x64\debug\sdlfontsmanager.obj
f:\desarrollo de videojuegos\2 curso\tpv\tpv2\p1\sdlproject\tpv2\x64\debug\sdlaudiomanager.obj
f:\desarrollo de videojuegos\2 curso\tpv\tpv2\p1\sdlproject\tpv2\x64\debug\scoreviewer.obj
f:\desarrollo de videojuegos\2 curso\tpv\tpv2\p1\sdlproject\tpv2\x64\debug\scoremanager.obj
f:\desarrollo de videojuegos\2 curso\tpv\tpv2\p1\sdlproject\tpv2\x64\debug\resources.obj
f:\desarrollo de videojuegos\2 curso\tpv\tpv2\p1\sdlproject\tpv2\x64\debug\rectangle.obj
f:\desarrollo de videojuegos\2 curso\tpv\tpv2\p1\sdlproject\tpv2\x64\debug\randomnumbergenerator.obj
f:\desarrollo de videojuegos\2 curso\tpv\tpv2\p1\sdlproject\tpv2\x64\debug\pingpong.obj
f:\desarrollo de videojuegos\2 curso\tpv\tpv2\p1\sdlproject\tpv2\x64\debug\paddlemovebehaviour.obj
f:\desarrollo de videojuegos\2 curso\tpv\tpv2\p1\sdlproject\tpv2\x64\debug\paddlemousectrl.obj
f:\desarrollo de videojuegos\2 curso\tpv\tpv2\p1\sdlproject\tpv2\x64\debug\paddlekbctrl.obj
d:\desarrollo de videojuegos\2 curso\tpv\tpv2\programacion-2\p1\sdlproject\tpv2\x64\debug\vc142.pdb
d:\desarrollo de videojuegos\2 curso\tpv\tpv2\programacion-2\p1\sdlproject\tpv2\x64\debug\vc142.idb
d:\desarrollo de videojuegos\2 curso\tpv\tpv2\programacion-2\p1\sdlproject\tpv2\x64\debug\gamelogic.obj
d:\desarrollo de videojuegos\2 curso\tpv\tpv2\programacion-2\p1\sdlproject\tpv2\x64\debug\gamectrl.obj
d:\desarrollo de videojuegos\2 curso\tpv\tpv2\programacion-2\p1\sdlproject\tpv2\x64\debug\fontsmanager.obj
d:\desarrollo de videojuegos\2 curso\tpv\tpv2\programacion-2\p1\sdlproject\tpv2\x64\debug\font.obj
d:\desarrollo de videojuegos\2 curso\tpv\tpv2\programacion-2\p1\sdlproject\tpv2\x64\debug\fighterviewer.obj
d:\desarrollo de videojuegos\2 curso\tpv\tpv2\programacion-2\p1\sdlproject\tpv2\x64\debug\fightermotion.obj
d:\desarrollo de videojuegos\2 curso\tpv\tpv2\programacion-2\p1\sdlproject\tpv2\x64\debug\fighterctrl.obj
d:\desarrollo de videojuegos\2 curso\tpv\tpv2\programacion-2\p1\sdlproject\tpv2\x64\debug\entity.obj
d:\desarrollo de videojuegos\2 curso\tpv\tpv2\programacion-2\p1\sdlproject\tpv2\x64\debug\component.obj
d:\desarrollo de videojuegos\2 curso\tpv\tpv2\programacion-2\p1\sdlproject\tpv2\x64\debug\collisions.obj
d:\desarrollo de videojuegos\2 curso\tpv\tpv2\programacion-2\p1\sdlproject\tpv2\x64\debug\bulletsviewer.obj
d:\desarrollo de videojuegos\2 curso\tpv\tpv2\programacion-2\p1\sdlproject\tpv2\x64\debug\bulletsmotion.obj
d:\desarrollo de videojuegos\2 curso\tpv\tpv2\programacion-2\p1\sdlproject\tpv2\x64\debug\bulletpool.obj
d:\desarrollo de videojuegos\2 curso\tpv\tpv2\programacion-2\p1\sdlproject\tpv2\x64\debug\bullet.obj
d:\desarrollo de videojuegos\2 curso\tpv\tpv2\programacion-2\p1\sdlproject\tpv2\x64\debug\audiomanager.obj
d:\desarrollo de videojuegos\2 curso\tpv\tpv2\programacion-2\p1\sdlproject\tpv2\x64\debug\asteroidsviewer.obj
d:\desarrollo de videojuegos\2 curso\tpv\tpv2\programacion-2\p1\sdlproject\tpv2\x64\debug\asteroidsmotion.obj
d:\desarrollo de videojuegos\2 curso\tpv\tpv2\programacion-2\p1\sdlproject\tpv2\x64\debug\asteroids.obj
d:\desarrollo de videojuegos\2 curso\tpv\tpv2\programacion-2\p1\sdlproject\tpv2\x64\debug\asteroidpool.obj
d:\desarrollo de videojuegos\2 curso\tpv\tpv2\programacion-2\p1\sdlproject\tpv2\x64\debug\asteroid.obj
d:\desarrollo de videojuegos\2 curso\tpv\tpv2\programacion-2\p1\sdlproject\tpv2\x64\debug\sdl_macros.obj
d:\desarrollo de videojuegos\2 curso\tpv\tpv2\programacion-2\p1\sdlproject\tpv2\x64\debug\sdltexturesmanager.obj
d:\desarrollo de videojuegos\2 curso\tpv\tpv2\programacion-2\p1\sdlproject\tpv2\x64\debug\sdlgame.obj
d:\desarrollo de videojuegos\2 curso\tpv\tpv2\programacion-2\p1\sdlproject\tpv2\x64\debug\sdlfontsmanager.obj
d:\desarrollo de videojuegos\2 curso\tpv\tpv2\programacion-2\p1\sdlproject\tpv2\x64\debug\sdlaudiomanager.obj
d:\desarrollo de videojuegos\2 curso\tpv\tpv2\programacion-2\p1\sdlproject\tpv2\x64\debug\scoreviewer.obj
d:\desarrollo de videojuegos\2 curso\tpv\tpv2\programacion-2\p1\sdlproject\tpv2\x64\debug\scoremanager.obj
d:\desarrollo de videojuegos\2 curso\tpv\tpv2\programacion-2\p1\sdlproject\tpv2\x64\debug\resources.obj
d:\desarrollo de videojuegos\2 curso\tpv\tpv2\programacion-2\p1\sdlproject\tpv2\x64\debug\rectangle.obj
d:\desarrollo de videojuegos\2 curso\tpv\tpv2\programacion-2\p1\sdlproject\tpv2\x64\debug\randomnumbergenerator.obj
d:\desarrollo de videojuegos\2 curso\tpv\tpv2\programacion-2\p1\sdlproject\tpv2\x64\debug\paddlemovebehaviour.obj
d:\desarrollo de videojuegos\2 curso\tpv\tpv2\programacion-2\p1\sdlproject\tpv2\x64\debug\paddlemousectrl.obj
d:\desarrollo de videojuegos\2 curso\tpv\tpv2\programacion-2\p1\sdlproject\tpv2\x64\debug\paddlekbctrl.obj
d:\desarrollo de videojuegos\2 curso\tpv\tpv2\programacion-2\p1\sdlproject\tpv2\x64\debug\objectpool.obj
d:\desarrollo de videojuegos\2 curso\tpv\tpv2\programacion-2\p1\sdlproject\tpv2\x64\debug\manager.obj
d:\desarrollo de videojuegos\2 curso\tpv\tpv2\programacion-2\p1\sdlproject\tpv2\x64\debug\main.obj
d:\desarrollo de videojuegos\2 curso\tpv\tpv2\programacion-2\p1\sdlproject\tpv2\x64\debug\jute.obj
d:\desarrollo de videojuegos\2 curso\tpv\tpv2\programacion-2\p1\sdlproject\tpv2\x64\debug\inputhandler.obj
d:\desarrollo de videojuegos\2 curso\tpv\tpv2\programacion-2\p1\sdlproject\tpv2\x64\debug\health.obj
d:\desarrollo de videojuegos\2 curso\tpv\tpv2\programacion-2\p1\sdlproject\tpv2\x64\debug\gun.obj
d:\desarrollo de videojuegos\2 curso\tpv\tpv2\programacion-2\p1\sdlproject\tpv2\x64\debug\vector2d.obj
d:\desarrollo de videojuegos\2 curso\tpv\tpv2\programacion-2\p1\sdlproject\tpv2\x64\debug\transform.obj
d:\desarrollo de videojuegos\2 curso\tpv\tpv2\programacion-2\p1\sdlproject\tpv2\x64\debug\texturesmanager.obj
d:\desarrollo de videojuegos\2 curso\tpv\tpv2\programacion-2\p1\sdlproject\tpv2\x64\debug\texture.obj
d:\desarrollo de videojuegos\2 curso\tpv\tpv2\programacion-2\p1\sdlproject\tpv2\x64\debug\srandbasedgenerator.obj
d:\desarrollo de videojuegos\2 curso\tpv\tpv2\programacion-2\p1\sdlproject\tpv2\x64\debug\simplemovebahviour.obj
d:\github\programacion-2\p2\sdlproject\tpv2\x64\debug\vc142.pdb
d:\github\programacion-2\p2\sdlproject\tpv2\x64\debug\vc142.idb
d:\github\programacion-2\p2\sdlproject\tpv2\x64\debug\rendersystem.obj
d:\github\programacion-2\p2\sdlproject\tpv2\x64\debug\randomnumbergenerator.obj
d:\github\programacion-2\p2\sdlproject\tpv2\x64\debug\pacmansystem.obj
d:\github\programacion-2\p2\sdlproject\tpv2\x64\debug\pacman.obj
d:\github\programacion-2\p2\sdlproject\tpv2\x64\debug\offacotry.obj
d:\github\programacion-2\p2\sdlproject\tpv2\x64\debug\objectpool.obj
d:\github\programacion-2\p2\sdlproject\tpv2\x64\debug\objectfactory.obj
d:\github\programacion-2\p2\sdlproject\tpv2\x64\debug\manager.obj
d:\github\programacion-2\p2\sdlproject\tpv2\x64\debug\main.obj
d:\github\programacion-2\p2\sdlproject\tpv2\x64\debug\jute.obj
d:\github\programacion-2\p2\sdlproject\tpv2\x64\debug\inputhandler.obj
d:\github\programacion-2\p2\sdlproject\tpv2\x64\debug\gamectrlsystem.obj
d:\github\programacion-2\p2\sdlproject\tpv2\x64\debug\fontsmanager.obj
d:\github\programacion-2\p2\sdlproject\tpv2\x64\debug\font.obj
d:\github\programacion-2\p2\sdlproject\tpv2\x64\debug\entity.obj
d:\github\programacion-2\p2\sdlproject\tpv2\x64\debug\deffactory.obj
d:\github\programacion-2\p2\sdlproject\tpv2\x64\debug\collisionsystem.obj
d:\github\programacion-2\p2\sdlproject\tpv2\x64\debug\collisions.obj
d:\github\programacion-2\p2\sdlproject\tpv2\x64\debug\audiomanager.obj
d:\github\programacion-2\p2\sdlproject\tpv2\x64\debug\vector2d.obj
d:\github\programacion-2\p2\sdlproject\tpv2\x64\debug\transform.obj
d:\github\programacion-2\p2\sdlproject\tpv2\x64\debug\texturesmanager.obj
d:\github\programacion-2\p2\sdlproject\tpv2\x64\debug\texture.obj
d:\github\programacion-2\p2\sdlproject\tpv2\x64\debug\system.obj
d:\github\programacion-2\p2\sdlproject\tpv2\x64\debug\starssystem.obj
d:\github\programacion-2\p2\sdlproject\tpv2\x64\debug\starspool.obj
d:\github\programacion-2\p2\sdlproject\tpv2\x64\debug\srandbasedgenerator.obj
d:\github\programacion-2\p2\sdlproject\tpv2\x64\debug\singleton.obj
d:\github\programacion-2\p2\sdlproject\tpv2\x64\debug\sdl_macros.obj
d:\github\programacion-2\p2\sdlproject\tpv2\x64\debug\sdltexturesmanager.obj
d:\github\programacion-2\p2\sdlproject\tpv2\x64\debug\sdlgame.obj
d:\github\programacion-2\p2\sdlproject\tpv2\x64\debug\sdlfontsmanager.obj
d:\github\programacion-2\p2\sdlproject\tpv2\x64\debug\sdlaudiomanager.obj
d:\github\programacion-2\p2\sdlproject\tpv2\x64\debug\resources.obj
d:\github\programacion-2\p2\sdlproject\tpv2\x64\debug\asteroidpool.obj
d:\github\programacion-2\p2\sdlproject\tpv2\x64\debug\asteroidlifetime.obj
f:\desarrollo de videojuegos\2 curso\tpv\tpv2\programacion-2\p1\sdlproject\p2\p2\sdlproject\tpv2\x64\debug\asteroid.obj
f:\desarrollo de videojuegos\2 curso\tpv\tpv2\programacion-2\p1\sdlproject\p2\p2\sdlproject\tpv2\x64\debug\asteroidlifetime.obj
f:\desarrollo de videojuegos\2 curso\tpv\tpv2\programacion-2\p1\sdlproject\p2\p2\sdlproject\tpv2\x64\debug\asteroidpool.obj
f:\desarrollo de videojuegos\2 curso\tpv\tpv2\programacion-2\p1\sdlproject\p2\p2\sdlproject\tpv2\x64\debug\asteroids.obj
f:\desarrollo de videojuegos\2 curso\tpv\tpv2\programacion-2\p1\sdlproject\p2\p2\sdlproject\tpv2\x64\debug\asteroidsmotion.obj
f:\desarrollo de videojuegos\2 curso\tpv\tpv2\programacion-2\p1\sdlproject\p2\p2\sdlproject\tpv2\x64\debug\asteroidsviewer.obj
f:\desarrollo de videojuegos\2 curso\tpv\tpv2\programacion-2\p1\sdlproject\p2\p2\sdlproject\tpv2\x64\debug\audiomanager.obj
f:\desarrollo de videojuegos\2 curso\tpv\tpv2\programacion-2\p1\sdlproject\p2\p2\sdlproject\tpv2\x64\debug\ballmovebehaviour.obj
f:\desarrollo de videojuegos\2 curso\tpv\tpv2\programacion-2\p1\sdlproject\p2\p2\sdlproject\tpv2\x64\debug\bullet.obj
f:\desarrollo de videojuegos\2 curso\tpv\tpv2\programacion-2\p1\sdlproject\p2\p2\sdlproject\tpv2\x64\debug\bulletpool.obj
f:\desarrollo de videojuegos\2 curso\tpv\tpv2\programacion-2\p1\sdlproject\p2\p2\sdlproject\tpv2\x64\debug\bulletsmotion.obj
f:\desarrollo de videojuegos\2 curso\tpv\tpv2\programacion-2\p1\sdlproject\p2\p2\sdlproject\tpv2\x64\debug\bulletsviewer.obj
f:\desarrollo de videojuegos\2 curso\tpv\tpv2\programacion-2\p1\sdlproject\p2\p2\sdlproject\tpv2\x64\debug\collisions.obj
f:\desarrollo de videojuegos\2 curso\tpv\tpv2\programacion-2\p1\sdlproject\p2\p2\sdlproject\tpv2\x64\debug\collisionsystem.obj
f:\desarrollo de videojuegos\2 curso\tpv\tpv2\programacion-2\p1\sdlproject\p2\p2\sdlproject\tpv2\x64\debug\component.obj
f:\desarrollo de videojuegos\2 curso\tpv\tpv2\programacion-2\p1\sdlproject\p2\p2\sdlproject\tpv2\x64\debug\deffactory.obj
f:\desarrollo de videojuegos\2 curso\tpv\tpv2\programacion-2\p1\sdlproject\p2\p2\sdlproject\tpv2\x64\debug\entity.obj
f:\desarrollo de videojuegos\2 curso\tpv\tpv2\programacion-2\p1\sdlproject\p2\p2\sdlproject\tpv2\x64\debug\fighterctrl.obj
f:\desarrollo de videojuegos\2 curso\tpv\tpv2\programacion-2\p1\sdlproject\p2\p2\sdlproject\tpv2\x64\debug\fightermotion.obj
f:\desarrollo de videojuegos\2 curso\tpv\tpv2\programacion-2\p1\sdlproject\p2\p2\sdlproject\tpv2\x64\debug\fighterviewer.obj
f:\desarrollo de videojuegos\2 curso\tpv\tpv2\programacion-2\p1\sdlproject\p2\p2\sdlproject\tpv2\x64\debug\font.obj
f:\desarrollo de videojuegos\2 curso\tpv\tpv2\programacion-2\p1\sdlproject\p2\p2\sdlproject\tpv2\x64\debug\fontsmanager.obj
f:\desarrollo de videojuegos\2 curso\tpv\tpv2\programacion-2\p1\sdlproject\p2\p2\sdlproject\tpv2\x64\debug\gamectrl.obj
f:\desarrollo de videojuegos\2 curso\tpv\tpv2\programacion-2\p1\sdlproject\p2\p2\sdlproject\tpv2\x64\debug\gamectrlsystem.obj
f:\desarrollo de videojuegos\2 curso\tpv\tpv2\programacion-2\p1\sdlproject\p2\p2\sdlproject\tpv2\x64\debug\gamelogic.obj
f:\desarrollo de videojuegos\2 curso\tpv\tpv2\programacion-2\p1\sdlproject\p2\p2\sdlproject\tpv2\x64\debug\gun.obj
f:\desarrollo de videojuegos\2 curso\tpv\tpv2\programacion-2\p1\sdlproject\p2\p2\sdlproject\tpv2\x64\debug\health.obj
f:\desarrollo de videojuegos\2 curso\tpv\tpv2\programacion-2\p1\sdlproject\p2\p2\sdlproject\tpv2\x64\debug\inputhandler.obj
f:\desarrollo de videojuegos\2 curso\tpv\tpv2\programacion-2\p1\sdlproject\p2\p2\sdlproject\tpv2\x64\debug\jute.obj
f:\desarrollo de videojuegos\2 curso\tpv\tpv2\programacion-2\p1\sdlproject\p2\p2\sdlproject\tpv2\x64\debug\main.obj
f:\desarrollo de videojuegos\2 curso\tpv\tpv2\programacion-2\p1\sdlproject\p2\p2\sdlproject\tpv2\x64\debug\manager.obj
f:\desarrollo de videojuegos\2 curso\tpv\tpv2\programacion-2\p1\sdlproject\p2\p2\sdlproject\tpv2\x64\debug\objectfactory.obj
f:\desarrollo de videojuegos\2 curso\tpv\tpv2\programacion-2\p1\sdlproject\p2\p2\sdlproject\tpv2\x64\debug\objectpool.obj
f:\desarrollo de videojuegos\2 curso\tpv\tpv2\programacion-2\p1\sdlproject\p2\p2\sdlproject\tpv2\x64\debug\offacotry.obj
f:\desarrollo de videojuegos\2 curso\tpv\tpv2\programacion-2\p1\sdlproject\p2\p2\sdlproject\tpv2\x64\debug\pacman.obj
f:\desarrollo de videojuegos\2 curso\tpv\tpv2\programacion-2\p1\sdlproject\p2\p2\sdlproject\tpv2\x64\debug\pacmansystem.obj
f:\desarrollo de videojuegos\2 curso\tpv\tpv2\programacion-2\p1\sdlproject\p2\p2\sdlproject\tpv2\x64\debug\paddlekbctrl.obj
f:\desarrollo de videojuegos\2 curso\tpv\tpv2\programacion-2\p1\sdlproject\p2\p2\sdlproject\tpv2\x64\debug\paddlemousectrl.obj
f:\desarrollo de videojuegos\2 curso\tpv\tpv2\programacion-2\p1\sdlproject\p2\p2\sdlproject\tpv2\x64\debug\paddlemovebehaviour.obj
f:\desarrollo de videojuegos\2 curso\tpv\tpv2\programacion-2\p1\sdlproject\p2\p2\sdlproject\tpv2\x64\debug\pingpong.obj
f:\desarrollo de videojuegos\2 curso\tpv\tpv2\programacion-2\p1\sdlproject\p2\p2\sdlproject\tpv2\x64\debug\randomnumbergenerator.obj
f:\desarrollo de videojuegos\2 curso\tpv\tpv2\programacion-2\p1\sdlproject\p2\p2\sdlproject\tpv2\x64\debug\rectangle.obj
f:\desarrollo de videojuegos\2 curso\tpv\tpv2\programacion-2\p1\sdlproject\p2\p2\sdlproject\tpv2\x64\debug\rendersystem.obj
f:\desarrollo de videojuegos\2 curso\tpv\tpv2\programacion-2\p1\sdlproject\p2\p2\sdlproject\tpv2\x64\debug\resources.obj
f:\desarrollo de videojuegos\2 curso\tpv\tpv2\programacion-2\p1\sdlproject\p2\p2\sdlproject\tpv2\x64\debug\scoremanager.obj
f:\desarrollo de videojuegos\2 curso\tpv\tpv2\programacion-2\p1\sdlproject\p2\p2\sdlproject\tpv2\x64\debug\scoreviewer.obj
f:\desarrollo de videojuegos\2 curso\tpv\tpv2\programacion-2\p1\sdlproject\p2\p2\sdlproject\tpv2\x64\debug\sdlaudiomanager.obj
f:\desarrollo de videojuegos\2 curso\tpv\tpv2\programacion-2\p1\sdlproject\p2\p2\sdlproject\tpv2\x64\debug\sdlfontsmanager.obj
f:\desarrollo de videojuegos\2 curso\tpv\tpv2\programacion-2\p1\sdlproject\p2\p2\sdlproject\tpv2\x64\debug\sdlgame.obj
f:\desarrollo de videojuegos\2 curso\tpv\tpv2\programacion-2\p1\sdlproject\p2\p2\sdlproject\tpv2\x64\debug\sdltexturesmanager.obj
f:\desarrollo de videojuegos\2 curso\tpv\tpv2\programacion-2\p1\sdlproject\p2\p2\sdlproject\tpv2\x64\debug\sdl_macros.obj
f:\desarrollo de videojuegos\2 curso\tpv\tpv2\programacion-2\p1\sdlproject\p2\p2\sdlproject\tpv2\x64\debug\simplemovebahviour.obj
f:\desarrollo de videojuegos\2 curso\tpv\tpv2\programacion-2\p1\sdlproject\p2\p2\sdlproject\tpv2\x64\debug\singleton.obj
f:\desarrollo de videojuegos\2 curso\tpv\tpv2\programacion-2\p1\sdlproject\p2\p2\sdlproject\tpv2\x64\debug\srandbasedgenerator.obj
f:\desarrollo de videojuegos\2 curso\tpv\tpv2\programacion-2\p1\sdlproject\p2\p2\sdlproject\tpv2\x64\debug\starspool.obj
f:\desarrollo de videojuegos\2 curso\tpv\tpv2\programacion-2\p1\sdlproject\p2\p2\sdlproject\tpv2\x64\debug\starssystem.obj
f:\desarrollo de videojuegos\2 curso\tpv\tpv2\programacion-2\p1\sdlproject\p2\p2\sdlproject\tpv2\x64\debug\system.obj
f:\desarrollo de videojuegos\2 curso\tpv\tpv2\programacion-2\p1\sdlproject\p2\p2\sdlproject\tpv2\x64\debug\texture.obj
f:\desarrollo de videojuegos\2 curso\tpv\tpv2\programacion-2\p1\sdlproject\p2\p2\sdlproject\tpv2\x64\debug\texturesmanager.obj
f:\desarrollo de videojuegos\2 curso\tpv\tpv2\programacion-2\p1\sdlproject\p2\p2\sdlproject\tpv2\x64\debug\transform.obj
f:\desarrollo de videojuegos\2 curso\tpv\tpv2\programacion-2\p1\sdlproject\p2\p2\sdlproject\tpv2\x64\debug\vector2d.obj
f:\desarrollo de videojuegos\2 curso\tpv\tpv2\programacion-2\p1\sdlproject\p2\p2\sdlproject\tpv2\x64\debug\vc142.idb
f:\desarrollo de videojuegos\2 curso\tpv\tpv2\programacion-2\p1\sdlproject\p2\p2\sdlproject\tpv2\x64\debug\vc142.pdb
f:\desarrollo de videojuegos\2 curso\tpv\tpv2\programacion-2\p1\sdlproject\p2\p2\sdlproject\bin\tpv2debug.pdb
f:\desarrollo de videojuegos\2 curso\tpv\tpv2\programacion-2\p1\sdlproject\p2\p2\sdlproject\bin\tpv2debug.exe
f:\desarrollo de videojuegos\2 curso\tpv\tpv2\programacion-2\p1\sdlproject\p2\p2\sdlproject\bin\tpv2debug.ilk
f:\desarrollo de videojuegos\2 curso\tpv\tpv2\programacion-2\p1\sdlproject\p2\p2\sdlproject\tpv2\x64\debug\tpv2.tlog\cl.command.1.tlog
f:\desarrollo de videojuegos\2 curso\tpv\tpv2\programacion-2\p1\sdlproject\p2\p2\sdlproject\tpv2\x64\debug\tpv2.tlog\cl.read.1.tlog
f:\desarrollo de videojuegos\2 curso\tpv\tpv2\programacion-2\p1\sdlproject\p2\p2\sdlproject\tpv2\x64\debug\tpv2.tlog\cl.write.1.tlog
f:\desarrollo de videojuegos\2 curso\tpv\tpv2\programacion-2\p1\sdlproject\p2\p2\sdlproject\tpv2\x64\debug\tpv2.tlog\link-cvtres.read.1.tlog
f:\desarrollo de videojuegos\2 curso\tpv\tpv2\programacion-2\p1\sdlproject\p2\p2\sdlproject\tpv2\x64\debug\tpv2.tlog\link-cvtres.write.1.tlog
f:\desarrollo de videojuegos\2 curso\tpv\tpv2\programacion-2\p1\sdlproject\p2\p2\sdlproject\tpv2\x64\debug\tpv2.tlog\link-rc.read.1.tlog
f:\desarrollo de videojuegos\2 curso\tpv\tpv2\programacion-2\p1\sdlproject\p2\p2\sdlproject\tpv2\x64\debug\tpv2.tlog\link-rc.write.1.tlog
f:\desarrollo de videojuegos\2 curso\tpv\tpv2\programacion-2\p1\sdlproject\p2\p2\sdlproject\tpv2\x64\debug\tpv2.tlog\link.command.1.tlog
f:\desarrollo de videojuegos\2 curso\tpv\tpv2\programacion-2\p1\sdlproject\p2\p2\sdlproject\tpv2\x64\debug\tpv2.tlog\link.delete.1.tlog
f:\desarrollo de videojuegos\2 curso\tpv\tpv2\programacion-2\p1\sdlproject\p2\p2\sdlproject\tpv2\x64\debug\tpv2.tlog\link.read.1.tlog
f:\desarrollo de videojuegos\2 curso\tpv\tpv2\programacion-2\p1\sdlproject\p2\p2\sdlproject\tpv2\x64\debug\tpv2.tlog\link.write.1.tlog
