f:\desarrollo de videojuegos\2 curso\tpv\tpv2\programacion-2\p1\sdlproject\p4\p4\sdlproject\tpv2\debug\vc142.pdb
f:\desarrollo de videojuegos\2 curso\tpv\tpv2\programacion-2\p1\sdlproject\p4\p4\sdlproject\tpv2\debug\vc142.idb
f:\desarrollo de videojuegos\2 curso\tpv\tpv2\programacion-2\p1\sdlproject\p4\p4\sdlproject\tpv2\debug\offacotry.obj
f:\desarrollo de videojuegos\2 curso\tpv\tpv2\programacion-2\p1\sdlproject\p4\p4\sdlproject\tpv2\debug\objectpool.obj
f:\desarrollo de videojuegos\2 curso\tpv\tpv2\programacion-2\p1\sdlproject\p4\p4\sdlproject\tpv2\debug\objectfactory.obj
f:\desarrollo de videojuegos\2 curso\tpv\tpv2\programacion-2\p1\sdlproject\p4\p4\sdlproject\tpv2\debug\manager.obj
f:\desarrollo de videojuegos\2 curso\tpv\tpv2\programacion-2\p1\sdlproject\p4\p4\sdlproject\tpv2\debug\main.obj
f:\desarrollo de videojuegos\2 curso\tpv\tpv2\programacion-2\p1\sdlproject\p4\p4\sdlproject\tpv2\debug\jute.obj
f:\desarrollo de videojuegos\2 curso\tpv\tpv2\programacion-2\p1\sdlproject\p4\p4\sdlproject\tpv2\debug\inputhandler.obj
f:\desarrollo de videojuegos\2 curso\tpv\tpv2\programacion-2\p1\sdlproject\p4\p4\sdlproject\tpv2\debug\ghostssystem.obj
f:\desarrollo de videojuegos\2 curso\tpv\tpv2\programacion-2\p1\sdlproject\p4\p4\sdlproject\tpv2\debug\ghostspool.obj
f:\desarrollo de videojuegos\2 curso\tpv\tpv2\programacion-2\p1\sdlproject\p4\p4\sdlproject\tpv2\debug\gamectrlsystem.obj
f:\desarrollo de videojuegos\2 curso\tpv\tpv2\programacion-2\p1\sdlproject\p4\p4\sdlproject\tpv2\debug\foodsystem.obj
f:\desarrollo de videojuegos\2 curso\tpv\tpv2\programacion-2\p1\sdlproject\p4\p4\sdlproject\tpv2\debug\foodpool.obj
f:\desarrollo de videojuegos\2 curso\tpv\tpv2\programacion-2\p1\sdlproject\p4\p4\sdlproject\tpv2\debug\fontsmanager.obj
f:\desarrollo de videojuegos\2 curso\tpv\tpv2\programacion-2\p1\sdlproject\p4\p4\sdlproject\tpv2\debug\font.obj
f:\desarrollo de videojuegos\2 curso\tpv\tpv2\programacion-2\p1\sdlproject\p4\p4\sdlproject\tpv2\debug\entity.obj
f:\desarrollo de videojuegos\2 curso\tpv\tpv2\programacion-2\p1\sdlproject\p4\p4\sdlproject\tpv2\debug\deffactory.obj
f:\desarrollo de videojuegos\2 curso\tpv\tpv2\programacion-2\p1\sdlproject\p4\p4\sdlproject\tpv2\debug\collisionsystem.obj
f:\desarrollo de videojuegos\2 curso\tpv\tpv2\programacion-2\p1\sdlproject\p4\p4\sdlproject\tpv2\debug\collisions.obj
f:\desarrollo de videojuegos\2 curso\tpv\tpv2\programacion-2\p1\sdlproject\p4\p4\sdlproject\tpv2\debug\audiosystem.obj
f:\desarrollo de videojuegos\2 curso\tpv\tpv2\programacion-2\p1\sdlproject\p4\p4\sdlproject\tpv2\debug\audiomanager.obj
f:\desarrollo de videojuegos\2 curso\tpv\tpv2\programacion-2\p1\sdlproject\p4\p4\sdlproject\tpv2\debug\vector2d.obj
f:\desarrollo de videojuegos\2 curso\tpv\tpv2\programacion-2\p1\sdlproject\p4\p4\sdlproject\tpv2\debug\transform.obj
f:\desarrollo de videojuegos\2 curso\tpv\tpv2\programacion-2\p1\sdlproject\p4\p4\sdlproject\tpv2\debug\texturesmanager.obj
f:\desarrollo de videojuegos\2 curso\tpv\tpv2\programacion-2\p1\sdlproject\p4\p4\sdlproject\tpv2\debug\texture.obj
f:\desarrollo de videojuegos\2 curso\tpv\tpv2\programacion-2\p1\sdlproject\p4\p4\sdlproject\tpv2\debug\system.obj
f:\desarrollo de videojuegos\2 curso\tpv\tpv2\programacion-2\p1\sdlproject\p4\p4\sdlproject\tpv2\debug\srandbasedgenerator.obj
f:\desarrollo de videojuegos\2 curso\tpv\tpv2\programacion-2\p1\sdlproject\p4\p4\sdlproject\tpv2\debug\singleton.obj
f:\desarrollo de videojuegos\2 curso\tpv\tpv2\programacion-2\p1\sdlproject\p4\p4\sdlproject\tpv2\debug\sdl_macros.obj
f:\desarrollo de videojuegos\2 curso\tpv\tpv2\programacion-2\p1\sdlproject\p4\p4\sdlproject\tpv2\debug\sdltexturesmanager.obj
f:\desarrollo de videojuegos\2 curso\tpv\tpv2\programacion-2\p1\sdlproject\p4\p4\sdlproject\tpv2\debug\sdlgame.obj
f:\desarrollo de videojuegos\2 curso\tpv\tpv2\programacion-2\p1\sdlproject\p4\p4\sdlproject\tpv2\debug\sdlfontsmanager.obj
f:\desarrollo de videojuegos\2 curso\tpv\tpv2\programacion-2\p1\sdlproject\p4\p4\sdlproject\tpv2\debug\sdlaudiomanager.obj
f:\desarrollo de videojuegos\2 curso\tpv\tpv2\programacion-2\p1\sdlproject\p4\p4\sdlproject\tpv2\debug\resources.obj
f:\desarrollo de videojuegos\2 curso\tpv\tpv2\programacion-2\p1\sdlproject\p4\p4\sdlproject\tpv2\debug\rendersystem.obj
f:\desarrollo de videojuegos\2 curso\tpv\tpv2\programacion-2\p1\sdlproject\p4\p4\sdlproject\tpv2\debug\randomnumbergenerator.obj
f:\desarrollo de videojuegos\2 curso\tpv\tpv2\programacion-2\p1\sdlproject\p4\p4\sdlproject\tpv2\debug\pacmansystem.obj
f:\desarrollo de videojuegos\2 curso\tpv\tpv2\programacion-2\p1\sdlproject\p4\p4\sdlproject\tpv2\debug\pacman.obj
f:\desarrollo de videojuegos\2 curso\tpv\tpv2\programacion-2\p1\sdlproject\p4\p4\sdlproject\bin\tpv2debug.exe
f:\desarrollo de videojuegos\2 curso\tpv\tpv2\programacion-2\p1\sdlproject\p4\p4\sdlproject\bin\tpv2debug.ilk
f:\desarrollo de videojuegos\2 curso\tpv\tpv2\programacion-2\p1\sdlproject\p4\p4\sdlproject\bin\tpv2debug.pdb
f:\desarrollo de videojuegos\2 curso\tpv\tpv2\programacion-2\p1\sdlproject\p4\p4\sdlproject\bin\tpv2debug.lib
f:\desarrollo de videojuegos\2 curso\tpv\tpv2\programacion-2\p1\sdlproject\p4\p4\sdlproject\bin\tpv2debug.exp
f:\desarrollo de videojuegos\2 curso\tpv\tpv2\programacion-2\p1\sdlproject\p4\p4\sdlproject\tpv2\debug\tpv2.tlog\cl.command.1.tlog
f:\desarrollo de videojuegos\2 curso\tpv\tpv2\programacion-2\p1\sdlproject\p4\p4\sdlproject\tpv2\debug\tpv2.tlog\cl.read.1.tlog
f:\desarrollo de videojuegos\2 curso\tpv\tpv2\programacion-2\p1\sdlproject\p4\p4\sdlproject\tpv2\debug\tpv2.tlog\cl.write.1.tlog
f:\desarrollo de videojuegos\2 curso\tpv\tpv2\programacion-2\p1\sdlproject\p4\p4\sdlproject\tpv2\debug\tpv2.tlog\link.command.1.tlog
f:\desarrollo de videojuegos\2 curso\tpv\tpv2\programacion-2\p1\sdlproject\p4\p4\sdlproject\tpv2\debug\tpv2.tlog\link.read.1.tlog
f:\desarrollo de videojuegos\2 curso\tpv\tpv2\programacion-2\p1\sdlproject\p4\p4\sdlproject\tpv2\debug\tpv2.tlog\link.write.1.tlog
f:\desarrollo de videojuegos\2 curso\tpv\tpv2\programacion-2\p1\sdlproject\p4\p4\sdlproject\tpv2\debug\tpv2.tlog\tpv2.write.1u.tlog
